<?xml version="1.0" encoding="UTF-8"?>
<!-- Generated by org.testng.reporters.JUnitReportReporter -->
<testsuite hostname="shan-" failures="0" tests="1" name="testBases.AccountRegister" time="9.244" errors="0" timestamp="2024-08-04T00:11:16 IST" skipped="0">
  <testcase classname="testBases.AccountRegister" name="verify_register" time="9.244"/>
</testsuite> <!-- testBases.AccountRegister -->
