<?xml version="1.0" encoding="UTF-8"?>
<!-- Generated by org.testng.reporters.JUnitReportReporter -->
<testsuite hostname="shan-" failures="0" tests="2" name="testBases.LoginTests" time="20.603" errors="0" timestamp="2024-08-11T00:14:17 IST" skipped="0">
  <testcase classname="testBases.LoginTests" name="verifyLogin" time="14.277"/>
  <testcase classname="testBases.LoginTests" name="verifyLogin" time="6.326"/>
</testsuite> <!-- testBases.LoginTests -->
